INFO:root:
================Training Summary=================
INFO:root:Training Summary: 
INFO:root:Learning rate 0.002
INFO:root:Batch size 32
INFO:root:DataParallel(
  (module): TextOnlyModel(
    (dropout): Dropout(p=0.5, inplace=False)
    (textEncoder): ElectraModel(
      (embeddings): ElectraEmbeddings(
        (word_embeddings): Embedding(30522, 768, padding_idx=0)
        (position_embeddings): Embedding(512, 768)
        (token_type_embeddings): Embedding(2, 768)
        (LayerNorm): LayerNorm((768,), eps=1e-12, elementwise_affine=True)
        (dropout): Dropout(p=0.1, inplace=False)
      )
      (encoder): ElectraEncoder(
        (layer): ModuleList(
          (0-11): 12 x ElectraLayer(
            (attention): ElectraAttention(
              (self): ElectraSelfAttention(
                (query): Linear(in_features=768, out_features=768, bias=True)
                (key): Linear(in_features=768, out_features=768, bias=True)
                (value): Linear(in_features=768, out_features=768, bias=True)
                (dropout): Dropout(p=0.1, inplace=False)
              )
              (output): ElectraSelfOutput(
                (dense): Linear(in_features=768, out_features=768, bias=True)
                (LayerNorm): LayerNorm((768,), eps=1e-12, elementwise_affine=True)
                (dropout): Dropout(p=0.1, inplace=False)
              )
            )
            (intermediate): ElectraIntermediate(
              (dense): Linear(in_features=768, out_features=3072, bias=True)
              (intermediate_act_fn): GELUActivation()
            )
            (output): ElectraOutput(
              (dense): Linear(in_features=3072, out_features=768, bias=True)
              (LayerNorm): LayerNorm((768,), eps=1e-12, elementwise_affine=True)
              (dropout): Dropout(p=0.1, inplace=False)
            )
          )
        )
      )
    )
    (linear): Linear(in_features=768, out_features=2, bias=True)
  )
)
INFO:root:
=================================================
INFO:root:Training iteration 0
INFO:root:Finished 100 / 426 batches with loss: 0.021352938413619994, accuracy 0.57625
INFO:root:Finished 200 / 426 batches with loss: 0.020570755004882812, accuracy 0.6178125
INFO:root:Finished 300 / 426 batches with loss: 0.01972690165042877, accuracy 0.655625
INFO:root:Finished 400 / 426 batches with loss: 0.018901142477989196, accuracy 0.6840625
INFO:root:=============Iteration 0=============
INFO:root:Training accuracy 0.6381540270429159
INFO:root:Avg Training loss 0.02004891399213106
INFO:root:Micro F1: 0.6382
INFO:root:Macro F1: 0.5673
INFO:root:Weighted F1: 0.6069
INFO:root:Saving model...
