INFO:root:
================Training Summary=================
INFO:root:Training Summary: 
INFO:root:Learning rate 0.002
INFO:root:Batch size 32
INFO:root:DataParallel(
  (module): ImageOnlyModel(
    (imageEncoder): DenseNet(
      (features): Sequential(
        (conv0): Conv2d(3, 64, kernel_size=(7, 7), stride=(2, 2), padding=(3, 3), bias=False)
        (norm0): BatchNorm2d(64, eps=1e-05, momentum=0.1, affine=True, track_running_stats=True)
        (relu0): ReLU(inplace=True)
        (pool0): MaxPool2d(kernel_size=3, stride=2, padding=1, dilation=1, ceil_mode=False)
        (denseblock1): _DenseBlock(
          (denselayer1): _DenseLayer(
            (norm1): BatchNorm2d(64, eps=1e-05, momentum=0.1, affine=True, track_running_stats=True)
            (relu1): ReLU(inplace=True)
            (conv1): Conv2d(64, 128, kernel_size=(1, 1), stride=(1, 1), bias=False)
            (norm2): BatchNorm2d(128, eps=1e-05, momentum=0.1, affine=True, track_running_stats=True)
            (relu2): ReLU(inplace=True)
            (conv2): Conv2d(128, 32, kernel_size=(3, 3), stride=(1, 1), padding=(1, 1), bias=False)
          )
          (denselayer2): _DenseLayer(
            (norm1): BatchNorm2d(96, eps=1e-05, momentum=0.1, affine=True, track_running_stats=True)
            (relu1): ReLU(inplace=True)
            (conv1): Conv2d(96, 128, kernel_size=(1, 1), stride=(1, 1), bias=False)
            (norm2): BatchNorm2d(128, eps=1e-05, momentum=0.1, affine=True, track_running_stats=True)
            (relu2): ReLU(inplace=True)
            (conv2): Conv2d(128, 32, kernel_size=(3, 3), stride=(1, 1), padding=(1, 1), bias=False)
          )
          (denselayer3): _DenseLayer(
            (norm1): BatchNorm2d(128, eps=1e-05, momentum=0.1, affine=True, track_running_stats=True)
            (relu1): ReLU(inplace=True)
            (conv1): Conv2d(128, 128, kernel_size=(1, 1), stride=(1, 1), bias=False)
            (norm2): BatchNorm2d(128, eps=1e-05, momentum=0.1, affine=True, track_running_stats=True)
            (relu2): ReLU(inplace=True)
            (conv2): Conv2d(128, 32, kernel_size=(3, 3), stride=(1, 1), padding=(1, 1), bias=False)
          )
          (denselayer4): _DenseLayer(
            (norm1): BatchNorm2d(160, eps=1e-05, momentum=0.1, affine=True, track_running_stats=True)
            (relu1): ReLU(inplace=True)
            (conv1): Conv2d(160, 128, kernel_size=(1, 1), stride=(1, 1), bias=False)
            (norm2): BatchNorm2d(128, eps=1e-05, momentum=0.1, affine=True, track_running_stats=True)
            (relu2): ReLU(inplace=True)
            (conv2): Conv2d(128, 32, kernel_size=(3, 3), stride=(1, 1), padding=(1, 1), bias=False)
          )
          (denselayer5): _DenseLayer(
            (norm1): BatchNorm2d(192, eps=1e-05, momentum=0.1, affine=True, track_running_stats=True)
            (relu1): ReLU(inplace=True)
            (conv1): Conv2d(192, 128, kernel_size=(1, 1), stride=(1, 1), bias=False)
            (norm2): BatchNorm2d(128, eps=1e-05, momentum=0.1, affine=True, track_running_stats=True)
            (relu2): ReLU(inplace=True)
            (conv2): Conv2d(128, 32, kernel_size=(3, 3), stride=(1, 1), padding=(1, 1), bias=False)
          )
          (denselayer6): _DenseLayer(
            (norm1): BatchNorm2d(224, eps=1e-05, momentum=0.1, affine=True, track_running_stats=True)
            (relu1): ReLU(inplace=True)
            (conv1): Conv2d(224, 128, kernel_size=(1, 1), stride=(1, 1), bias=False)
            (norm2): BatchNorm2d(128, eps=1e-05, momentum=0.1, affine=True, track_running_stats=True)
            (relu2): ReLU(inplace=True)
            (conv2): Conv2d(128, 32, kernel_size=(3, 3), stride=(1, 1), padding=(1, 1), bias=False)
          )
        )
        (transition1): _Transition(
          (norm): BatchNorm2d(256, eps=1e-05, momentum=0.1, affine=True, track_running_stats=True)
          (relu): ReLU(inplace=True)
          (conv): Conv2d(256, 128, kernel_size=(1, 1), stride=(1, 1), bias=False)
          (pool): AvgPool2d(kernel_size=2, stride=2, padding=0)
        )
        (denseblock2): _DenseBlock(
          (denselayer1): _DenseLayer(
            (norm1): BatchNorm2d(128, eps=1e-05, momentum=0.1, affine=True, track_running_stats=True)
            (relu1): ReLU(inplace=True)
            (conv1): Conv2d(128, 128, kernel_size=(1, 1), stride=(1, 1), bias=False)
            (norm2): BatchNorm2d(128, eps=1e-05, momentum=0.1, affine=True, track_running_stats=True)
            (relu2): ReLU(inplace=True)
            (conv2): Conv2d(128, 32, kernel_size=(3, 3), stride=(1, 1), padding=(1, 1), bias=False)
          )
          (denselayer2): _DenseLayer(
            (norm1): BatchNorm2d(160, eps=1e-05, momentum=0.1, affine=True, track_running_stats=True)
            (relu1): ReLU(inplace=True)
            (conv1): Conv2d(160, 128, kernel_size=(1, 1), stride=(1, 1), bias=False)
            (norm2): BatchNorm2d(128, eps=1e-05, momentum=0.1, affine=True, track_running_stats=True)
            (relu2): ReLU(inplace=True)
            (conv2): Conv2d(128, 32, kernel_size=(3, 3), stride=(1, 1), padding=(1, 1), bias=False)
          )
          (denselayer3): _DenseLayer(
            (norm1): BatchNorm2d(192, eps=1e-05, momentum=0.1, affine=True, track_running_stats=True)
            (relu1): ReLU(inplace=True)
            (conv1): Conv2d(192, 128, kernel_size=(1, 1), stride=(1, 1), bias=False)
            (norm2): BatchNorm2d(128, eps=1e-05, momentum=0.1, affine=True, track_running_stats=True)
            (relu2): ReLU(inplace=True)
            (conv2): Conv2d(128, 32, kernel_size=(3, 3), stride=(1, 1), padding=(1, 1), bias=False)
          )
          (denselayer4): _DenseLayer(
            (norm1): BatchNorm2d(224, eps=1e-05, momentum=0.1, affine=True, track_running_stats=True)
            (relu1): ReLU(inplace=True)
            (conv1): Conv2d(224, 128, kernel_size=(1, 1), stride=(1, 1), bias=False)
            (norm2): BatchNorm2d(128, eps=1e-05, momentum=0.1, affine=True, track_running_stats=True)
            (relu2): ReLU(inplace=True)
            (conv2): Conv2d(128, 32, kernel_size=(3, 3), stride=(1, 1), padding=(1, 1), bias=False)
          )
          (denselayer5): _DenseLayer(
            (norm1): BatchNorm2d(256, eps=1e-05, momentum=0.1, affine=True, track_running_stats=True)
            (relu1): ReLU(inplace=True)
            (conv1): Conv2d(256, 128, kernel_size=(1, 1), stride=(1, 1), bias=False)
            (norm2): BatchNorm2d(128, eps=1e-05, momentum=0.1, affine=True, track_running_stats=True)
            (relu2): ReLU(inplace=True)
            (conv2): Conv2d(128, 32, kernel_size=(3, 3), stride=(1, 1), padding=(1, 1), bias=False)
          )
          (denselayer6): _DenseLayer(
            (norm1): BatchNorm2d(288, eps=1e-05, momentum=0.1, affine=True, track_running_stats=True)
            (relu1): ReLU(inplace=True)
            (conv1): Conv2d(288, 128, kernel_size=(1, 1), stride=(1, 1), bias=False)
            (norm2): BatchNorm2d(128, eps=1e-05, momentum=0.1, affine=True, track_running_stats=True)
            (relu2): ReLU(inplace=True)
            (conv2): Conv2d(128, 32, kernel_size=(3, 3), stride=(1, 1), padding=(1, 1), bias=False)
          )
          (denselayer7): _DenseLayer(
            (norm1): BatchNorm2d(320, eps=1e-05, momentum=0.1, affine=True, track_running_stats=True)
            (relu1): ReLU(inplace=True)
            (conv1): Conv2d(320, 128, kernel_size=(1, 1), stride=(1, 1), bias=False)
            (norm2): BatchNorm2d(128, eps=1e-05, momentum=0.1, affine=True, track_running_stats=True)
            (relu2): ReLU(inplace=True)
            (conv2): Conv2d(128, 32, kernel_size=(3, 3), stride=(1, 1), padding=(1, 1), bias=False)
          )
          (denselayer8): _DenseLayer(
            (norm1): BatchNorm2d(352, eps=1e-05, momentum=0.1, affine=True, track_running_stats=True)
            (relu1): ReLU(inplace=True)
            (conv1): Conv2d(352, 128, kernel_size=(1, 1), stride=(1, 1), bias=False)
            (norm2): BatchNorm2d(128, eps=1e-05, momentum=0.1, affine=True, track_running_stats=True)
            (relu2): ReLU(inplace=True)
            (conv2): Conv2d(128, 32, kernel_size=(3, 3), stride=(1, 1), padding=(1, 1), bias=False)
          )
          (denselayer9): _DenseLayer(
            (norm1): BatchNorm2d(384, eps=1e-05, momentum=0.1, affine=True, track_running_stats=True)
            (relu1): ReLU(inplace=True)
            (conv1): Conv2d(384, 128, kernel_size=(1, 1), stride=(1, 1), bias=False)
            (norm2): BatchNorm2d(128, eps=1e-05, momentum=0.1, affine=True, track_running_stats=True)
            (relu2): ReLU(inplace=True)
            (conv2): Conv2d(128, 32, kernel_size=(3, 3), stride=(1, 1), padding=(1, 1), bias=False)
          )
          (denselayer10): _DenseLayer(
            (norm1): BatchNorm2d(416, eps=1e-05, momentum=0.1, affine=True, track_running_stats=True)
            (relu1): ReLU(inplace=True)
            (conv1): Conv2d(416, 128, kernel_size=(1, 1), stride=(1, 1), bias=False)
            (norm2): BatchNorm2d(128, eps=1e-05, momentum=0.1, affine=True, track_running_stats=True)
            (relu2): ReLU(inplace=True)
            (conv2): Conv2d(128, 32, kernel_size=(3, 3), stride=(1, 1), padding=(1, 1), bias=False)
          )
          (denselayer11): _DenseLayer(
            (norm1): BatchNorm2d(448, eps=1e-05, momentum=0.1, affine=True, track_running_stats=True)
            (relu1): ReLU(inplace=True)
            (conv1): Conv2d(448, 128, kernel_size=(1, 1), stride=(1, 1), bias=False)
            (norm2): BatchNorm2d(128, eps=1e-05, momentum=0.1, affine=True, track_running_stats=True)
            (relu2): ReLU(inplace=True)
            (conv2): Conv2d(128, 32, kernel_size=(3, 3), stride=(1, 1), padding=(1, 1), bias=False)
          )
          (denselayer12): _DenseLayer(
            (norm1): BatchNorm2d(480, eps=1e-05, momentum=0.1, affine=True, track_running_stats=True)
            (relu1): ReLU(inplace=True)
            (conv1): Conv2d(480, 128, kernel_size=(1, 1), stride=(1, 1), bias=False)
            (norm2): BatchNorm2d(128, eps=1e-05, momentum=0.1, affine=True, track_running_stats=True)
            (relu2): ReLU(inplace=True)
            (conv2): Conv2d(128, 32, kernel_size=(3, 3), stride=(1, 1), padding=(1, 1), bias=False)
          )
        )
        (transition2): _Transition(
          (norm): BatchNorm2d(512, eps=1e-05, momentum=0.1, affine=True, track_running_stats=True)
          (relu): ReLU(inplace=True)
          (conv): Conv2d(512, 256, kernel_size=(1, 1), stride=(1, 1), bias=False)
          (pool): AvgPool2d(kernel_size=2, stride=2, padding=0)
        )
        (denseblock3): _DenseBlock(
          (denselayer1): _DenseLayer(
            (norm1): BatchNorm2d(256, eps=1e-05, momentum=0.1, affine=True, track_running_stats=True)
            (relu1): ReLU(inplace=True)
            (conv1): Conv2d(256, 128, kernel_size=(1, 1), stride=(1, 1), bias=False)
            (norm2): BatchNorm2d(128, eps=1e-05, momentum=0.1, affine=True, track_running_stats=True)
            (relu2): ReLU(inplace=True)
            (conv2): Conv2d(128, 32, kernel_size=(3, 3), stride=(1, 1), padding=(1, 1), bias=False)
          )
          (denselayer2): _DenseLayer(
            (norm1): BatchNorm2d(288, eps=1e-05, momentum=0.1, affine=True, track_running_stats=True)
            (relu1): ReLU(inplace=True)
            (conv1): Conv2d(288, 128, kernel_size=(1, 1), stride=(1, 1), bias=False)
            (norm2): BatchNorm2d(128, eps=1e-05, momentum=0.1, affine=True, track_running_stats=True)
            (relu2): ReLU(inplace=True)
            (conv2): Conv2d(128, 32, kernel_size=(3, 3), stride=(1, 1), padding=(1, 1), bias=False)
          )
          (denselayer3): _DenseLayer(
            (norm1): BatchNorm2d(320, eps=1e-05, momentum=0.1, affine=True, track_running_stats=True)
            (relu1): ReLU(inplace=True)
            (conv1): Conv2d(320, 128, kernel_size=(1, 1), stride=(1, 1), bias=False)
            (norm2): BatchNorm2d(128, eps=1e-05, momentum=0.1, affine=True, track_running_stats=True)
            (relu2): ReLU(inplace=True)
            (conv2): Conv2d(128, 32, kernel_size=(3, 3), stride=(1, 1), padding=(1, 1), bias=False)
          )
          (denselayer4): _DenseLayer(
            (norm1): BatchNorm2d(352, eps=1e-05, momentum=0.1, affine=True, track_running_stats=True)
            (relu1): ReLU(inplace=True)
            (conv1): Conv2d(352, 128, kernel_size=(1, 1), stride=(1, 1), bias=False)
            (norm2): BatchNorm2d(128, eps=1e-05, momentum=0.1, affine=True, track_running_stats=True)
            (relu2): ReLU(inplace=True)
            (conv2): Conv2d(128, 32, kernel_size=(3, 3), stride=(1, 1), padding=(1, 1), bias=False)
          )
          (denselayer5): _DenseLayer(
            (norm1): BatchNorm2d(384, eps=1e-05, momentum=0.1, affine=True, track_running_stats=True)
            (relu1): ReLU(inplace=True)
            (conv1): Conv2d(384, 128, kernel_size=(1, 1), stride=(1, 1), bias=False)
            (norm2): BatchNorm2d(128, eps=1e-05, momentum=0.1, affine=True, track_running_stats=True)
            (relu2): ReLU(inplace=True)
            (conv2): Conv2d(128, 32, kernel_size=(3, 3), stride=(1, 1), padding=(1, 1), bias=False)
          )
          (denselayer6): _DenseLayer(
            (norm1): BatchNorm2d(416, eps=1e-05, momentum=0.1, affine=True, track_running_stats=True)
            (relu1): ReLU(inplace=True)
            (conv1): Conv2d(416, 128, kernel_size=(1, 1), stride=(1, 1), bias=False)
            (norm2): BatchNorm2d(128, eps=1e-05, momentum=0.1, affine=True, track_running_stats=True)
            (relu2): ReLU(inplace=True)
            (conv2): Conv2d(128, 32, kernel_size=(3, 3), stride=(1, 1), padding=(1, 1), bias=False)
          )
          (denselayer7): _DenseLayer(
            (norm1): BatchNorm2d(448, eps=1e-05, momentum=0.1, affine=True, track_running_stats=True)
            (relu1): ReLU(inplace=True)
            (conv1): Conv2d(448, 128, kernel_size=(1, 1), stride=(1, 1), bias=False)
            (norm2): BatchNorm2d(128, eps=1e-05, momentum=0.1, affine=True, track_running_stats=True)
            (relu2): ReLU(inplace=True)
            (conv2): Conv2d(128, 32, kernel_size=(3, 3), stride=(1, 1), padding=(1, 1), bias=False)
          )
          (denselayer8): _DenseLayer(
            (norm1): BatchNorm2d(480, eps=1e-05, momentum=0.1, affine=True, track_running_stats=True)
            (relu1): ReLU(inplace=True)
            (conv1): Conv2d(480, 128, kernel_size=(1, 1), stride=(1, 1), bias=False)
            (norm2): BatchNorm2d(128, eps=1e-05, momentum=0.1, affine=True, track_running_stats=True)
            (relu2): ReLU(inplace=True)
            (conv2): Conv2d(128, 32, kernel_size=(3, 3), stride=(1, 1), padding=(1, 1), bias=False)
          )
          (denselayer9): _DenseLayer(
            (norm1): BatchNorm2d(512, eps=1e-05, momentum=0.1, affine=True, track_running_stats=True)
            (relu1): ReLU(inplace=True)
            (conv1): Conv2d(512, 128, kernel_size=(1, 1), stride=(1, 1), bias=False)
            (norm2): BatchNorm2d(128, eps=1e-05, momentum=0.1, affine=True, track_running_stats=True)
            (relu2): ReLU(inplace=True)
            (conv2): Conv2d(128, 32, kernel_size=(3, 3), stride=(1, 1), padding=(1, 1), bias=False)
          )
          (denselayer10): _DenseLayer(
            (norm1): BatchNorm2d(544, eps=1e-05, momentum=0.1, affine=True, track_running_stats=True)
            (relu1): ReLU(inplace=True)
            (conv1): Conv2d(544, 128, kernel_size=(1, 1), stride=(1, 1), bias=False)
            (norm2): BatchNorm2d(128, eps=1e-05, momentum=0.1, affine=True, track_running_stats=True)
            (relu2): ReLU(inplace=True)
            (conv2): Conv2d(128, 32, kernel_size=(3, 3), stride=(1, 1), padding=(1, 1), bias=False)
          )
          (denselayer11): _DenseLayer(
            (norm1): BatchNorm2d(576, eps=1e-05, momentum=0.1, affine=True, track_running_stats=True)
            (relu1): ReLU(inplace=True)
            (conv1): Conv2d(576, 128, kernel_size=(1, 1), stride=(1, 1), bias=False)
            (norm2): BatchNorm2d(128, eps=1e-05, momentum=0.1, affine=True, track_running_stats=True)
            (relu2): ReLU(inplace=True)
            (conv2): Conv2d(128, 32, kernel_size=(3, 3), stride=(1, 1), padding=(1, 1), bias=False)
          )
          (denselayer12): _DenseLayer(
            (norm1): BatchNorm2d(608, eps=1e-05, momentum=0.1, affine=True, track_running_stats=True)
            (relu1): ReLU(inplace=True)
            (conv1): Conv2d(608, 128, kernel_size=(1, 1), stride=(1, 1), bias=False)
            (norm2): BatchNorm2d(128, eps=1e-05, momentum=0.1, affine=True, track_running_stats=True)
            (relu2): ReLU(inplace=True)
            (conv2): Conv2d(128, 32, kernel_size=(3, 3), stride=(1, 1), padding=(1, 1), bias=False)
          )
          (denselayer13): _DenseLayer(
            (norm1): BatchNorm2d(640, eps=1e-05, momentum=0.1, affine=True, track_running_stats=True)
            (relu1): ReLU(inplace=True)
            (conv1): Conv2d(640, 128, kernel_size=(1, 1), stride=(1, 1), bias=False)
            (norm2): BatchNorm2d(128, eps=1e-05, momentum=0.1, affine=True, track_running_stats=True)
            (relu2): ReLU(inplace=True)
            (conv2): Conv2d(128, 32, kernel_size=(3, 3), stride=(1, 1), padding=(1, 1), bias=False)
          )
          (denselayer14): _DenseLayer(
            (norm1): BatchNorm2d(672, eps=1e-05, momentum=0.1, affine=True, track_running_stats=True)
            (relu1): ReLU(inplace=True)
            (conv1): Conv2d(672, 128, kernel_size=(1, 1), stride=(1, 1), bias=False)
            (norm2): BatchNorm2d(128, eps=1e-05, momentum=0.1, affine=True, track_running_stats=True)
            (relu2): ReLU(inplace=True)
            (conv2): Conv2d(128, 32, kernel_size=(3, 3), stride=(1, 1), padding=(1, 1), bias=False)
          )
          (denselayer15): _DenseLayer(
            (norm1): BatchNorm2d(704, eps=1e-05, momentum=0.1, affine=True, track_running_stats=True)
            (relu1): ReLU(inplace=True)
            (conv1): Conv2d(704, 128, kernel_size=(1, 1), stride=(1, 1), bias=False)
            (norm2): BatchNorm2d(128, eps=1e-05, momentum=0.1, affine=True, track_running_stats=True)
            (relu2): ReLU(inplace=True)
            (conv2): Conv2d(128, 32, kernel_size=(3, 3), stride=(1, 1), padding=(1, 1), bias=False)
          )
          (denselayer16): _DenseLayer(
            (norm1): BatchNorm2d(736, eps=1e-05, momentum=0.1, affine=True, track_running_stats=True)
            (relu1): ReLU(inplace=True)
            (conv1): Conv2d(736, 128, kernel_size=(1, 1), stride=(1, 1), bias=False)
            (norm2): BatchNorm2d(128, eps=1e-05, momentum=0.1, affine=True, track_running_stats=True)
            (relu2): ReLU(inplace=True)
            (conv2): Conv2d(128, 32, kernel_size=(3, 3), stride=(1, 1), padding=(1, 1), bias=False)
          )
          (denselayer17): _DenseLayer(
            (norm1): BatchNorm2d(768, eps=1e-05, momentum=0.1, affine=True, track_running_stats=True)
            (relu1): ReLU(inplace=True)
            (conv1): Conv2d(768, 128, kernel_size=(1, 1), stride=(1, 1), bias=False)
            (norm2): BatchNorm2d(128, eps=1e-05, momentum=0.1, affine=True, track_running_stats=True)
            (relu2): ReLU(inplace=True)
            (conv2): Conv2d(128, 32, kernel_size=(3, 3), stride=(1, 1), padding=(1, 1), bias=False)
          )
          (denselayer18): _DenseLayer(
            (norm1): BatchNorm2d(800, eps=1e-05, momentum=0.1, affine=True, track_running_stats=True)
            (relu1): ReLU(inplace=True)
            (conv1): Conv2d(800, 128, kernel_size=(1, 1), stride=(1, 1), bias=False)
            (norm2): BatchNorm2d(128, eps=1e-05, momentum=0.1, affine=True, track_running_stats=True)
            (relu2): ReLU(inplace=True)
            (conv2): Conv2d(128, 32, kernel_size=(3, 3), stride=(1, 1), padding=(1, 1), bias=False)
          )
          (denselayer19): _DenseLayer(
            (norm1): BatchNorm2d(832, eps=1e-05, momentum=0.1, affine=True, track_running_stats=True)
            (relu1): ReLU(inplace=True)
            (conv1): Conv2d(832, 128, kernel_size=(1, 1), stride=(1, 1), bias=False)
            (norm2): BatchNorm2d(128, eps=1e-05, momentum=0.1, affine=True, track_running_stats=True)
            (relu2): ReLU(inplace=True)
            (conv2): Conv2d(128, 32, kernel_size=(3, 3), stride=(1, 1), padding=(1, 1), bias=False)
          )
          (denselayer20): _DenseLayer(
            (norm1): BatchNorm2d(864, eps=1e-05, momentum=0.1, affine=True, track_running_stats=True)
            (relu1): ReLU(inplace=True)
            (conv1): Conv2d(864, 128, kernel_size=(1, 1), stride=(1, 1), bias=False)
            (norm2): BatchNorm2d(128, eps=1e-05, momentum=0.1, affine=True, track_running_stats=True)
            (relu2): ReLU(inplace=True)
            (conv2): Conv2d(128, 32, kernel_size=(3, 3), stride=(1, 1), padding=(1, 1), bias=False)
          )
          (denselayer21): _DenseLayer(
            (norm1): BatchNorm2d(896, eps=1e-05, momentum=0.1, affine=True, track_running_stats=True)
            (relu1): ReLU(inplace=True)
            (conv1): Conv2d(896, 128, kernel_size=(1, 1), stride=(1, 1), bias=False)
            (norm2): BatchNorm2d(128, eps=1e-05, momentum=0.1, affine=True, track_running_stats=True)
            (relu2): ReLU(inplace=True)
            (conv2): Conv2d(128, 32, kernel_size=(3, 3), stride=(1, 1), padding=(1, 1), bias=False)
          )
          (denselayer22): _DenseLayer(
            (norm1): BatchNorm2d(928, eps=1e-05, momentum=0.1, affine=True, track_running_stats=True)
            (relu1): ReLU(inplace=True)
            (conv1): Conv2d(928, 128, kernel_size=(1, 1), stride=(1, 1), bias=False)
            (norm2): BatchNorm2d(128, eps=1e-05, momentum=0.1, affine=True, track_running_stats=True)
            (relu2): ReLU(inplace=True)
            (conv2): Conv2d(128, 32, kernel_size=(3, 3), stride=(1, 1), padding=(1, 1), bias=False)
          )
          (denselayer23): _DenseLayer(
            (norm1): BatchNorm2d(960, eps=1e-05, momentum=0.1, affine=True, track_running_stats=True)
            (relu1): ReLU(inplace=True)
            (conv1): Conv2d(960, 128, kernel_size=(1, 1), stride=(1, 1), bias=False)
            (norm2): BatchNorm2d(128, eps=1e-05, momentum=0.1, affine=True, track_running_stats=True)
            (relu2): ReLU(inplace=True)
            (conv2): Conv2d(128, 32, kernel_size=(3, 3), stride=(1, 1), padding=(1, 1), bias=False)
          )
          (denselayer24): _DenseLayer(
            (norm1): BatchNorm2d(992, eps=1e-05, momentum=0.1, affine=True, track_running_stats=True)
            (relu1): ReLU(inplace=True)
            (conv1): Conv2d(992, 128, kernel_size=(1, 1), stride=(1, 1), bias=False)
            (norm2): BatchNorm2d(128, eps=1e-05, momentum=0.1, affine=True, track_running_stats=True)
            (relu2): ReLU(inplace=True)
            (conv2): Conv2d(128, 32, kernel_size=(3, 3), stride=(1, 1), padding=(1, 1), bias=False)
          )
          (denselayer25): _DenseLayer(
            (norm1): BatchNorm2d(1024, eps=1e-05, momentum=0.1, affine=True, track_running_stats=True)
            (relu1): ReLU(inplace=True)
            (conv1): Conv2d(1024, 128, kernel_size=(1, 1), stride=(1, 1), bias=False)
            (norm2): BatchNorm2d(128, eps=1e-05, momentum=0.1, affine=True, track_running_stats=True)
            (relu2): ReLU(inplace=True)
            (conv2): Conv2d(128, 32, kernel_size=(3, 3), stride=(1, 1), padding=(1, 1), bias=False)
          )
          (denselayer26): _DenseLayer(
            (norm1): BatchNorm2d(1056, eps=1e-05, momentum=0.1, affine=True, track_running_stats=True)
            (relu1): ReLU(inplace=True)
            (conv1): Conv2d(1056, 128, kernel_size=(1, 1), stride=(1, 1), bias=False)
            (norm2): BatchNorm2d(128, eps=1e-05, momentum=0.1, affine=True, track_running_stats=True)
            (relu2): ReLU(inplace=True)
            (conv2): Conv2d(128, 32, kernel_size=(3, 3), stride=(1, 1), padding=(1, 1), bias=False)
          )
          (denselayer27): _DenseLayer(
            (norm1): BatchNorm2d(1088, eps=1e-05, momentum=0.1, affine=True, track_running_stats=True)
            (relu1): ReLU(inplace=True)
            (conv1): Conv2d(1088, 128, kernel_size=(1, 1), stride=(1, 1), bias=False)
            (norm2): BatchNorm2d(128, eps=1e-05, momentum=0.1, affine=True, track_running_stats=True)
            (relu2): ReLU(inplace=True)
            (conv2): Conv2d(128, 32, kernel_size=(3, 3), stride=(1, 1), padding=(1, 1), bias=False)
          )
          (denselayer28): _DenseLayer(
            (norm1): BatchNorm2d(1120, eps=1e-05, momentum=0.1, affine=True, track_running_stats=True)
            (relu1): ReLU(inplace=True)
            (conv1): Conv2d(1120, 128, kernel_size=(1, 1), stride=(1, 1), bias=False)
            (norm2): BatchNorm2d(128, eps=1e-05, momentum=0.1, affine=True, track_running_stats=True)
            (relu2): ReLU(inplace=True)
            (conv2): Conv2d(128, 32, kernel_size=(3, 3), stride=(1, 1), padding=(1, 1), bias=False)
          )
          (denselayer29): _DenseLayer(
            (norm1): BatchNorm2d(1152, eps=1e-05, momentum=0.1, affine=True, track_running_stats=True)
            (relu1): ReLU(inplace=True)
            (conv1): Conv2d(1152, 128, kernel_size=(1, 1), stride=(1, 1), bias=False)
            (norm2): BatchNorm2d(128, eps=1e-05, momentum=0.1, affine=True, track_running_stats=True)
            (relu2): ReLU(inplace=True)
            (conv2): Conv2d(128, 32, kernel_size=(3, 3), stride=(1, 1), padding=(1, 1), bias=False)
          )
          (denselayer30): _DenseLayer(
            (norm1): BatchNorm2d(1184, eps=1e-05, momentum=0.1, affine=True, track_running_stats=True)
            (relu1): ReLU(inplace=True)
            (conv1): Conv2d(1184, 128, kernel_size=(1, 1), stride=(1, 1), bias=False)
            (norm2): BatchNorm2d(128, eps=1e-05, momentum=0.1, affine=True, track_running_stats=True)
            (relu2): ReLU(inplace=True)
            (conv2): Conv2d(128, 32, kernel_size=(3, 3), stride=(1, 1), padding=(1, 1), bias=False)
          )
          (denselayer31): _DenseLayer(
            (norm1): BatchNorm2d(1216, eps=1e-05, momentum=0.1, affine=True, track_running_stats=True)
            (relu1): ReLU(inplace=True)
            (conv1): Conv2d(1216, 128, kernel_size=(1, 1), stride=(1, 1), bias=False)
            (norm2): BatchNorm2d(128, eps=1e-05, momentum=0.1, affine=True, track_running_stats=True)
            (relu2): ReLU(inplace=True)
            (conv2): Conv2d(128, 32, kernel_size=(3, 3), stride=(1, 1), padding=(1, 1), bias=False)
          )
          (denselayer32): _DenseLayer(
            (norm1): BatchNorm2d(1248, eps=1e-05, momentum=0.1, affine=True, track_running_stats=True)
            (relu1): ReLU(inplace=True)
            (conv1): Conv2d(1248, 128, kernel_size=(1, 1), stride=(1, 1), bias=False)
            (norm2): BatchNorm2d(128, eps=1e-05, momentum=0.1, affine=True, track_running_stats=True)
            (relu2): ReLU(inplace=True)
            (conv2): Conv2d(128, 32, kernel_size=(3, 3), stride=(1, 1), padding=(1, 1), bias=False)
          )
          (denselayer33): _DenseLayer(
            (norm1): BatchNorm2d(1280, eps=1e-05, momentum=0.1, affine=True, track_running_stats=True)
            (relu1): ReLU(inplace=True)
            (conv1): Conv2d(1280, 128, kernel_size=(1, 1), stride=(1, 1), bias=False)
            (norm2): BatchNorm2d(128, eps=1e-05, momentum=0.1, affine=True, track_running_stats=True)
            (relu2): ReLU(inplace=True)
            (conv2): Conv2d(128, 32, kernel_size=(3, 3), stride=(1, 1), padding=(1, 1), bias=False)
          )
          (denselayer34): _DenseLayer(
            (norm1): BatchNorm2d(1312, eps=1e-05, momentum=0.1, affine=True, track_running_stats=True)
            (relu1): ReLU(inplace=True)
            (conv1): Conv2d(1312, 128, kernel_size=(1, 1), stride=(1, 1), bias=False)
            (norm2): BatchNorm2d(128, eps=1e-05, momentum=0.1, affine=True, track_running_stats=True)
            (relu2): ReLU(inplace=True)
            (conv2): Conv2d(128, 32, kernel_size=(3, 3), stride=(1, 1), padding=(1, 1), bias=False)
          )
          (denselayer35): _DenseLayer(
            (norm1): BatchNorm2d(1344, eps=1e-05, momentum=0.1, affine=True, track_running_stats=True)
            (relu1): ReLU(inplace=True)
            (conv1): Conv2d(1344, 128, kernel_size=(1, 1), stride=(1, 1), bias=False)
            (norm2): BatchNorm2d(128, eps=1e-05, momentum=0.1, affine=True, track_running_stats=True)
            (relu2): ReLU(inplace=True)
            (conv2): Conv2d(128, 32, kernel_size=(3, 3), stride=(1, 1), padding=(1, 1), bias=False)
          )
          (denselayer36): _DenseLayer(
            (norm1): BatchNorm2d(1376, eps=1e-05, momentum=0.1, affine=True, track_running_stats=True)
            (relu1): ReLU(inplace=True)
            (conv1): Conv2d(1376, 128, kernel_size=(1, 1), stride=(1, 1), bias=False)
            (norm2): BatchNorm2d(128, eps=1e-05, momentum=0.1, affine=True, track_running_stats=True)
            (relu2): ReLU(inplace=True)
            (conv2): Conv2d(128, 32, kernel_size=(3, 3), stride=(1, 1), padding=(1, 1), bias=False)
          )
          (denselayer37): _DenseLayer(
            (norm1): BatchNorm2d(1408, eps=1e-05, momentum=0.1, affine=True, track_running_stats=True)
            (relu1): ReLU(inplace=True)
            (conv1): Conv2d(1408, 128, kernel_size=(1, 1), stride=(1, 1), bias=False)
            (norm2): BatchNorm2d(128, eps=1e-05, momentum=0.1, affine=True, track_running_stats=True)
            (relu2): ReLU(inplace=True)
            (conv2): Conv2d(128, 32, kernel_size=(3, 3), stride=(1, 1), padding=(1, 1), bias=False)
          )
          (denselayer38): _DenseLayer(
            (norm1): BatchNorm2d(1440, eps=1e-05, momentum=0.1, affine=True, track_running_stats=True)
            (relu1): ReLU(inplace=True)
            (conv1): Conv2d(1440, 128, kernel_size=(1, 1), stride=(1, 1), bias=False)
            (norm2): BatchNorm2d(128, eps=1e-05, momentum=0.1, affine=True, track_running_stats=True)
            (relu2): ReLU(inplace=True)
            (conv2): Conv2d(128, 32, kernel_size=(3, 3), stride=(1, 1), padding=(1, 1), bias=False)
          )
          (denselayer39): _DenseLayer(
            (norm1): BatchNorm2d(1472, eps=1e-05, momentum=0.1, affine=True, track_running_stats=True)
            (relu1): ReLU(inplace=True)
            (conv1): Conv2d(1472, 128, kernel_size=(1, 1), stride=(1, 1), bias=False)
            (norm2): BatchNorm2d(128, eps=1e-05, momentum=0.1, affine=True, track_running_stats=True)
            (relu2): ReLU(inplace=True)
            (conv2): Conv2d(128, 32, kernel_size=(3, 3), stride=(1, 1), padding=(1, 1), bias=False)
          )
          (denselayer40): _DenseLayer(
            (norm1): BatchNorm2d(1504, eps=1e-05, momentum=0.1, affine=True, track_running_stats=True)
            (relu1): ReLU(inplace=True)
            (conv1): Conv2d(1504, 128, kernel_size=(1, 1), stride=(1, 1), bias=False)
            (norm2): BatchNorm2d(128, eps=1e-05, momentum=0.1, affine=True, track_running_stats=True)
            (relu2): ReLU(inplace=True)
            (conv2): Conv2d(128, 32, kernel_size=(3, 3), stride=(1, 1), padding=(1, 1), bias=False)
          )
          (denselayer41): _DenseLayer(
            (norm1): BatchNorm2d(1536, eps=1e-05, momentum=0.1, affine=True, track_running_stats=True)
            (relu1): ReLU(inplace=True)
            (conv1): Conv2d(1536, 128, kernel_size=(1, 1), stride=(1, 1), bias=False)
            (norm2): BatchNorm2d(128, eps=1e-05, momentum=0.1, affine=True, track_running_stats=True)
            (relu2): ReLU(inplace=True)
            (conv2): Conv2d(128, 32, kernel_size=(3, 3), stride=(1, 1), padding=(1, 1), bias=False)
          )
          (denselayer42): _DenseLayer(
            (norm1): BatchNorm2d(1568, eps=1e-05, momentum=0.1, affine=True, track_running_stats=True)
            (relu1): ReLU(inplace=True)
            (conv1): Conv2d(1568, 128, kernel_size=(1, 1), stride=(1, 1), bias=False)
            (norm2): BatchNorm2d(128, eps=1e-05, momentum=0.1, affine=True, track_running_stats=True)
            (relu2): ReLU(inplace=True)
            (conv2): Conv2d(128, 32, kernel_size=(3, 3), stride=(1, 1), padding=(1, 1), bias=False)
          )
          (denselayer43): _DenseLayer(
            (norm1): BatchNorm2d(1600, eps=1e-05, momentum=0.1, affine=True, track_running_stats=True)
            (relu1): ReLU(inplace=True)
            (conv1): Conv2d(1600, 128, kernel_size=(1, 1), stride=(1, 1), bias=False)
            (norm2): BatchNorm2d(128, eps=1e-05, momentum=0.1, affine=True, track_running_stats=True)
            (relu2): ReLU(inplace=True)
            (conv2): Conv2d(128, 32, kernel_size=(3, 3), stride=(1, 1), padding=(1, 1), bias=False)
          )
          (denselayer44): _DenseLayer(
            (norm1): BatchNorm2d(1632, eps=1e-05, momentum=0.1, affine=True, track_running_stats=True)
            (relu1): ReLU(inplace=True)
            (conv1): Conv2d(1632, 128, kernel_size=(1, 1), stride=(1, 1), bias=False)
            (norm2): BatchNorm2d(128, eps=1e-05, momentum=0.1, affine=True, track_running_stats=True)
            (relu2): ReLU(inplace=True)
            (conv2): Conv2d(128, 32, kernel_size=(3, 3), stride=(1, 1), padding=(1, 1), bias=False)
          )
          (denselayer45): _DenseLayer(
            (norm1): BatchNorm2d(1664, eps=1e-05, momentum=0.1, affine=True, track_running_stats=True)
            (relu1): ReLU(inplace=True)
            (conv1): Conv2d(1664, 128, kernel_size=(1, 1), stride=(1, 1), bias=False)
            (norm2): BatchNorm2d(128, eps=1e-05, momentum=0.1, affine=True, track_running_stats=True)
            (relu2): ReLU(inplace=True)
            (conv2): Conv2d(128, 32, kernel_size=(3, 3), stride=(1, 1), padding=(1, 1), bias=False)
          )
          (denselayer46): _DenseLayer(
            (norm1): BatchNorm2d(1696, eps=1e-05, momentum=0.1, affine=True, track_running_stats=True)
            (relu1): ReLU(inplace=True)
            (conv1): Conv2d(1696, 128, kernel_size=(1, 1), stride=(1, 1), bias=False)
            (norm2): BatchNorm2d(128, eps=1e-05, momentum=0.1, affine=True, track_running_stats=True)
            (relu2): ReLU(inplace=True)
            (conv2): Conv2d(128, 32, kernel_size=(3, 3), stride=(1, 1), padding=(1, 1), bias=False)
          )
          (denselayer47): _DenseLayer(
            (norm1): BatchNorm2d(1728, eps=1e-05, momentum=0.1, affine=True, track_running_stats=True)
            (relu1): ReLU(inplace=True)
            (conv1): Conv2d(1728, 128, kernel_size=(1, 1), stride=(1, 1), bias=False)
            (norm2): BatchNorm2d(128, eps=1e-05, momentum=0.1, affine=True, track_running_stats=True)
            (relu2): ReLU(inplace=True)
            (conv2): Conv2d(128, 32, kernel_size=(3, 3), stride=(1, 1), padding=(1, 1), bias=False)
          )
          (denselayer48): _DenseLayer(
            (norm1): BatchNorm2d(1760, eps=1e-05, momentum=0.1, affine=True, track_running_stats=True)
            (relu1): ReLU(inplace=True)
            (conv1): Conv2d(1760, 128, kernel_size=(1, 1), stride=(1, 1), bias=False)
            (norm2): BatchNorm2d(128, eps=1e-05, momentum=0.1, affine=True, track_running_stats=True)
            (relu2): ReLU(inplace=True)
            (conv2): Conv2d(128, 32, kernel_size=(3, 3), stride=(1, 1), padding=(1, 1), bias=False)
          )
        )
        (transition3): _Transition(
          (norm): BatchNorm2d(1792, eps=1e-05, momentum=0.1, affine=True, track_running_stats=True)
          (relu): ReLU(inplace=True)
          (conv): Conv2d(1792, 896, kernel_size=(1, 1), stride=(1, 1), bias=False)
          (pool): AvgPool2d(kernel_size=2, stride=2, padding=0)
        )
        (denseblock4): _DenseBlock(
          (denselayer1): _DenseLayer(
            (norm1): BatchNorm2d(896, eps=1e-05, momentum=0.1, affine=True, track_running_stats=True)
            (relu1): ReLU(inplace=True)
            (conv1): Conv2d(896, 128, kernel_size=(1, 1), stride=(1, 1), bias=False)
            (norm2): BatchNorm2d(128, eps=1e-05, momentum=0.1, affine=True, track_running_stats=True)
            (relu2): ReLU(inplace=True)
            (conv2): Conv2d(128, 32, kernel_size=(3, 3), stride=(1, 1), padding=(1, 1), bias=False)
          )
          (denselayer2): _DenseLayer(
            (norm1): BatchNorm2d(928, eps=1e-05, momentum=0.1, affine=True, track_running_stats=True)
            (relu1): ReLU(inplace=True)
            (conv1): Conv2d(928, 128, kernel_size=(1, 1), stride=(1, 1), bias=False)
            (norm2): BatchNorm2d(128, eps=1e-05, momentum=0.1, affine=True, track_running_stats=True)
            (relu2): ReLU(inplace=True)
            (conv2): Conv2d(128, 32, kernel_size=(3, 3), stride=(1, 1), padding=(1, 1), bias=False)
          )
          (denselayer3): _DenseLayer(
            (norm1): BatchNorm2d(960, eps=1e-05, momentum=0.1, affine=True, track_running_stats=True)
            (relu1): ReLU(inplace=True)
            (conv1): Conv2d(960, 128, kernel_size=(1, 1), stride=(1, 1), bias=False)
            (norm2): BatchNorm2d(128, eps=1e-05, momentum=0.1, affine=True, track_running_stats=True)
            (relu2): ReLU(inplace=True)
            (conv2): Conv2d(128, 32, kernel_size=(3, 3), stride=(1, 1), padding=(1, 1), bias=False)
          )
          (denselayer4): _DenseLayer(
            (norm1): BatchNorm2d(992, eps=1e-05, momentum=0.1, affine=True, track_running_stats=True)
            (relu1): ReLU(inplace=True)
            (conv1): Conv2d(992, 128, kernel_size=(1, 1), stride=(1, 1), bias=False)
            (norm2): BatchNorm2d(128, eps=1e-05, momentum=0.1, affine=True, track_running_stats=True)
            (relu2): ReLU(inplace=True)
            (conv2): Conv2d(128, 32, kernel_size=(3, 3), stride=(1, 1), padding=(1, 1), bias=False)
          )
          (denselayer5): _DenseLayer(
            (norm1): BatchNorm2d(1024, eps=1e-05, momentum=0.1, affine=True, track_running_stats=True)
            (relu1): ReLU(inplace=True)
            (conv1): Conv2d(1024, 128, kernel_size=(1, 1), stride=(1, 1), bias=False)
            (norm2): BatchNorm2d(128, eps=1e-05, momentum=0.1, affine=True, track_running_stats=True)
            (relu2): ReLU(inplace=True)
            (conv2): Conv2d(128, 32, kernel_size=(3, 3), stride=(1, 1), padding=(1, 1), bias=False)
          )
          (denselayer6): _DenseLayer(
            (norm1): BatchNorm2d(1056, eps=1e-05, momentum=0.1, affine=True, track_running_stats=True)
            (relu1): ReLU(inplace=True)
            (conv1): Conv2d(1056, 128, kernel_size=(1, 1), stride=(1, 1), bias=False)
            (norm2): BatchNorm2d(128, eps=1e-05, momentum=0.1, affine=True, track_running_stats=True)
            (relu2): ReLU(inplace=True)
            (conv2): Conv2d(128, 32, kernel_size=(3, 3), stride=(1, 1), padding=(1, 1), bias=False)
          )
          (denselayer7): _DenseLayer(
            (norm1): BatchNorm2d(1088, eps=1e-05, momentum=0.1, affine=True, track_running_stats=True)
            (relu1): ReLU(inplace=True)
            (conv1): Conv2d(1088, 128, kernel_size=(1, 1), stride=(1, 1), bias=False)
            (norm2): BatchNorm2d(128, eps=1e-05, momentum=0.1, affine=True, track_running_stats=True)
            (relu2): ReLU(inplace=True)
            (conv2): Conv2d(128, 32, kernel_size=(3, 3), stride=(1, 1), padding=(1, 1), bias=False)
          )
          (denselayer8): _DenseLayer(
            (norm1): BatchNorm2d(1120, eps=1e-05, momentum=0.1, affine=True, track_running_stats=True)
            (relu1): ReLU(inplace=True)
            (conv1): Conv2d(1120, 128, kernel_size=(1, 1), stride=(1, 1), bias=False)
            (norm2): BatchNorm2d(128, eps=1e-05, momentum=0.1, affine=True, track_running_stats=True)
            (relu2): ReLU(inplace=True)
            (conv2): Conv2d(128, 32, kernel_size=(3, 3), stride=(1, 1), padding=(1, 1), bias=False)
          )
          (denselayer9): _DenseLayer(
            (norm1): BatchNorm2d(1152, eps=1e-05, momentum=0.1, affine=True, track_running_stats=True)
            (relu1): ReLU(inplace=True)
            (conv1): Conv2d(1152, 128, kernel_size=(1, 1), stride=(1, 1), bias=False)
            (norm2): BatchNorm2d(128, eps=1e-05, momentum=0.1, affine=True, track_running_stats=True)
            (relu2): ReLU(inplace=True)
            (conv2): Conv2d(128, 32, kernel_size=(3, 3), stride=(1, 1), padding=(1, 1), bias=False)
          )
          (denselayer10): _DenseLayer(
            (norm1): BatchNorm2d(1184, eps=1e-05, momentum=0.1, affine=True, track_running_stats=True)
            (relu1): ReLU(inplace=True)
            (conv1): Conv2d(1184, 128, kernel_size=(1, 1), stride=(1, 1), bias=False)
            (norm2): BatchNorm2d(128, eps=1e-05, momentum=0.1, affine=True, track_running_stats=True)
            (relu2): ReLU(inplace=True)
            (conv2): Conv2d(128, 32, kernel_size=(3, 3), stride=(1, 1), padding=(1, 1), bias=False)
          )
          (denselayer11): _DenseLayer(
            (norm1): BatchNorm2d(1216, eps=1e-05, momentum=0.1, affine=True, track_running_stats=True)
            (relu1): ReLU(inplace=True)
            (conv1): Conv2d(1216, 128, kernel_size=(1, 1), stride=(1, 1), bias=False)
            (norm2): BatchNorm2d(128, eps=1e-05, momentum=0.1, affine=True, track_running_stats=True)
            (relu2): ReLU(inplace=True)
            (conv2): Conv2d(128, 32, kernel_size=(3, 3), stride=(1, 1), padding=(1, 1), bias=False)
          )
          (denselayer12): _DenseLayer(
            (norm1): BatchNorm2d(1248, eps=1e-05, momentum=0.1, affine=True, track_running_stats=True)
            (relu1): ReLU(inplace=True)
            (conv1): Conv2d(1248, 128, kernel_size=(1, 1), stride=(1, 1), bias=False)
            (norm2): BatchNorm2d(128, eps=1e-05, momentum=0.1, affine=True, track_running_stats=True)
            (relu2): ReLU(inplace=True)
            (conv2): Conv2d(128, 32, kernel_size=(3, 3), stride=(1, 1), padding=(1, 1), bias=False)
          )
          (denselayer13): _DenseLayer(
            (norm1): BatchNorm2d(1280, eps=1e-05, momentum=0.1, affine=True, track_running_stats=True)
            (relu1): ReLU(inplace=True)
            (conv1): Conv2d(1280, 128, kernel_size=(1, 1), stride=(1, 1), bias=False)
            (norm2): BatchNorm2d(128, eps=1e-05, momentum=0.1, affine=True, track_running_stats=True)
            (relu2): ReLU(inplace=True)
            (conv2): Conv2d(128, 32, kernel_size=(3, 3), stride=(1, 1), padding=(1, 1), bias=False)
          )
          (denselayer14): _DenseLayer(
            (norm1): BatchNorm2d(1312, eps=1e-05, momentum=0.1, affine=True, track_running_stats=True)
            (relu1): ReLU(inplace=True)
            (conv1): Conv2d(1312, 128, kernel_size=(1, 1), stride=(1, 1), bias=False)
            (norm2): BatchNorm2d(128, eps=1e-05, momentum=0.1, affine=True, track_running_stats=True)
            (relu2): ReLU(inplace=True)
            (conv2): Conv2d(128, 32, kernel_size=(3, 3), stride=(1, 1), padding=(1, 1), bias=False)
          )
          (denselayer15): _DenseLayer(
            (norm1): BatchNorm2d(1344, eps=1e-05, momentum=0.1, affine=True, track_running_stats=True)
            (relu1): ReLU(inplace=True)
            (conv1): Conv2d(1344, 128, kernel_size=(1, 1), stride=(1, 1), bias=False)
            (norm2): BatchNorm2d(128, eps=1e-05, momentum=0.1, affine=True, track_running_stats=True)
            (relu2): ReLU(inplace=True)
            (conv2): Conv2d(128, 32, kernel_size=(3, 3), stride=(1, 1), padding=(1, 1), bias=False)
          )
          (denselayer16): _DenseLayer(
            (norm1): BatchNorm2d(1376, eps=1e-05, momentum=0.1, affine=True, track_running_stats=True)
            (relu1): ReLU(inplace=True)
            (conv1): Conv2d(1376, 128, kernel_size=(1, 1), stride=(1, 1), bias=False)
            (norm2): BatchNorm2d(128, eps=1e-05, momentum=0.1, affine=True, track_running_stats=True)
            (relu2): ReLU(inplace=True)
            (conv2): Conv2d(128, 32, kernel_size=(3, 3), stride=(1, 1), padding=(1, 1), bias=False)
          )
          (denselayer17): _DenseLayer(
            (norm1): BatchNorm2d(1408, eps=1e-05, momentum=0.1, affine=True, track_running_stats=True)
            (relu1): ReLU(inplace=True)
            (conv1): Conv2d(1408, 128, kernel_size=(1, 1), stride=(1, 1), bias=False)
            (norm2): BatchNorm2d(128, eps=1e-05, momentum=0.1, affine=True, track_running_stats=True)
            (relu2): ReLU(inplace=True)
            (conv2): Conv2d(128, 32, kernel_size=(3, 3), stride=(1, 1), padding=(1, 1), bias=False)
          )
          (denselayer18): _DenseLayer(
            (norm1): BatchNorm2d(1440, eps=1e-05, momentum=0.1, affine=True, track_running_stats=True)
            (relu1): ReLU(inplace=True)
            (conv1): Conv2d(1440, 128, kernel_size=(1, 1), stride=(1, 1), bias=False)
            (norm2): BatchNorm2d(128, eps=1e-05, momentum=0.1, affine=True, track_running_stats=True)
            (relu2): ReLU(inplace=True)
            (conv2): Conv2d(128, 32, kernel_size=(3, 3), stride=(1, 1), padding=(1, 1), bias=False)
          )
          (denselayer19): _DenseLayer(
            (norm1): BatchNorm2d(1472, eps=1e-05, momentum=0.1, affine=True, track_running_stats=True)
            (relu1): ReLU(inplace=True)
            (conv1): Conv2d(1472, 128, kernel_size=(1, 1), stride=(1, 1), bias=False)
            (norm2): BatchNorm2d(128, eps=1e-05, momentum=0.1, affine=True, track_running_stats=True)
            (relu2): ReLU(inplace=True)
            (conv2): Conv2d(128, 32, kernel_size=(3, 3), stride=(1, 1), padding=(1, 1), bias=False)
          )
          (denselayer20): _DenseLayer(
            (norm1): BatchNorm2d(1504, eps=1e-05, momentum=0.1, affine=True, track_running_stats=True)
            (relu1): ReLU(inplace=True)
            (conv1): Conv2d(1504, 128, kernel_size=(1, 1), stride=(1, 1), bias=False)
            (norm2): BatchNorm2d(128, eps=1e-05, momentum=0.1, affine=True, track_running_stats=True)
            (relu2): ReLU(inplace=True)
            (conv2): Conv2d(128, 32, kernel_size=(3, 3), stride=(1, 1), padding=(1, 1), bias=False)
          )
          (denselayer21): _DenseLayer(
            (norm1): BatchNorm2d(1536, eps=1e-05, momentum=0.1, affine=True, track_running_stats=True)
            (relu1): ReLU(inplace=True)
            (conv1): Conv2d(1536, 128, kernel_size=(1, 1), stride=(1, 1), bias=False)
            (norm2): BatchNorm2d(128, eps=1e-05, momentum=0.1, affine=True, track_running_stats=True)
            (relu2): ReLU(inplace=True)
            (conv2): Conv2d(128, 32, kernel_size=(3, 3), stride=(1, 1), padding=(1, 1), bias=False)
          )
          (denselayer22): _DenseLayer(
            (norm1): BatchNorm2d(1568, eps=1e-05, momentum=0.1, affine=True, track_running_stats=True)
            (relu1): ReLU(inplace=True)
            (conv1): Conv2d(1568, 128, kernel_size=(1, 1), stride=(1, 1), bias=False)
            (norm2): BatchNorm2d(128, eps=1e-05, momentum=0.1, affine=True, track_running_stats=True)
            (relu2): ReLU(inplace=True)
            (conv2): Conv2d(128, 32, kernel_size=(3, 3), stride=(1, 1), padding=(1, 1), bias=False)
          )
          (denselayer23): _DenseLayer(
            (norm1): BatchNorm2d(1600, eps=1e-05, momentum=0.1, affine=True, track_running_stats=True)
            (relu1): ReLU(inplace=True)
            (conv1): Conv2d(1600, 128, kernel_size=(1, 1), stride=(1, 1), bias=False)
            (norm2): BatchNorm2d(128, eps=1e-05, momentum=0.1, affine=True, track_running_stats=True)
            (relu2): ReLU(inplace=True)
            (conv2): Conv2d(128, 32, kernel_size=(3, 3), stride=(1, 1), padding=(1, 1), bias=False)
          )
          (denselayer24): _DenseLayer(
            (norm1): BatchNorm2d(1632, eps=1e-05, momentum=0.1, affine=True, track_running_stats=True)
            (relu1): ReLU(inplace=True)
            (conv1): Conv2d(1632, 128, kernel_size=(1, 1), stride=(1, 1), bias=False)
            (norm2): BatchNorm2d(128, eps=1e-05, momentum=0.1, affine=True, track_running_stats=True)
            (relu2): ReLU(inplace=True)
            (conv2): Conv2d(128, 32, kernel_size=(3, 3), stride=(1, 1), padding=(1, 1), bias=False)
          )
          (denselayer25): _DenseLayer(
            (norm1): BatchNorm2d(1664, eps=1e-05, momentum=0.1, affine=True, track_running_stats=True)
            (relu1): ReLU(inplace=True)
            (conv1): Conv2d(1664, 128, kernel_size=(1, 1), stride=(1, 1), bias=False)
            (norm2): BatchNorm2d(128, eps=1e-05, momentum=0.1, affine=True, track_running_stats=True)
            (relu2): ReLU(inplace=True)
            (conv2): Conv2d(128, 32, kernel_size=(3, 3), stride=(1, 1), padding=(1, 1), bias=False)
          )
          (denselayer26): _DenseLayer(
            (norm1): BatchNorm2d(1696, eps=1e-05, momentum=0.1, affine=True, track_running_stats=True)
            (relu1): ReLU(inplace=True)
            (conv1): Conv2d(1696, 128, kernel_size=(1, 1), stride=(1, 1), bias=False)
            (norm2): BatchNorm2d(128, eps=1e-05, momentum=0.1, affine=True, track_running_stats=True)
            (relu2): ReLU(inplace=True)
            (conv2): Conv2d(128, 32, kernel_size=(3, 3), stride=(1, 1), padding=(1, 1), bias=False)
          )
          (denselayer27): _DenseLayer(
            (norm1): BatchNorm2d(1728, eps=1e-05, momentum=0.1, affine=True, track_running_stats=True)
            (relu1): ReLU(inplace=True)
            (conv1): Conv2d(1728, 128, kernel_size=(1, 1), stride=(1, 1), bias=False)
            (norm2): BatchNorm2d(128, eps=1e-05, momentum=0.1, affine=True, track_running_stats=True)
            (relu2): ReLU(inplace=True)
            (conv2): Conv2d(128, 32, kernel_size=(3, 3), stride=(1, 1), padding=(1, 1), bias=False)
          )
          (denselayer28): _DenseLayer(
            (norm1): BatchNorm2d(1760, eps=1e-05, momentum=0.1, affine=True, track_running_stats=True)
            (relu1): ReLU(inplace=True)
            (conv1): Conv2d(1760, 128, kernel_size=(1, 1), stride=(1, 1), bias=False)
            (norm2): BatchNorm2d(128, eps=1e-05, momentum=0.1, affine=True, track_running_stats=True)
            (relu2): ReLU(inplace=True)
            (conv2): Conv2d(128, 32, kernel_size=(3, 3), stride=(1, 1), padding=(1, 1), bias=False)
          )
          (denselayer29): _DenseLayer(
            (norm1): BatchNorm2d(1792, eps=1e-05, momentum=0.1, affine=True, track_running_stats=True)
            (relu1): ReLU(inplace=True)
            (conv1): Conv2d(1792, 128, kernel_size=(1, 1), stride=(1, 1), bias=False)
            (norm2): BatchNorm2d(128, eps=1e-05, momentum=0.1, affine=True, track_running_stats=True)
            (relu2): ReLU(inplace=True)
            (conv2): Conv2d(128, 32, kernel_size=(3, 3), stride=(1, 1), padding=(1, 1), bias=False)
          )
          (denselayer30): _DenseLayer(
            (norm1): BatchNorm2d(1824, eps=1e-05, momentum=0.1, affine=True, track_running_stats=True)
            (relu1): ReLU(inplace=True)
            (conv1): Conv2d(1824, 128, kernel_size=(1, 1), stride=(1, 1), bias=False)
            (norm2): BatchNorm2d(128, eps=1e-05, momentum=0.1, affine=True, track_running_stats=True)
            (relu2): ReLU(inplace=True)
            (conv2): Conv2d(128, 32, kernel_size=(3, 3), stride=(1, 1), padding=(1, 1), bias=False)
          )
          (denselayer31): _DenseLayer(
            (norm1): BatchNorm2d(1856, eps=1e-05, momentum=0.1, affine=True, track_running_stats=True)
            (relu1): ReLU(inplace=True)
            (conv1): Conv2d(1856, 128, kernel_size=(1, 1), stride=(1, 1), bias=False)
            (norm2): BatchNorm2d(128, eps=1e-05, momentum=0.1, affine=True, track_running_stats=True)
            (relu2): ReLU(inplace=True)
            (conv2): Conv2d(128, 32, kernel_size=(3, 3), stride=(1, 1), padding=(1, 1), bias=False)
          )
          (denselayer32): _DenseLayer(
            (norm1): BatchNorm2d(1888, eps=1e-05, momentum=0.1, affine=True, track_running_stats=True)
            (relu1): ReLU(inplace=True)
            (conv1): Conv2d(1888, 128, kernel_size=(1, 1), stride=(1, 1), bias=False)
            (norm2): BatchNorm2d(128, eps=1e-05, momentum=0.1, affine=True, track_running_stats=True)
            (relu2): ReLU(inplace=True)
            (conv2): Conv2d(128, 32, kernel_size=(3, 3), stride=(1, 1), padding=(1, 1), bias=False)
          )
        )
        (norm5): BatchNorm2d(1920, eps=1e-05, momentum=0.1, affine=True, track_running_stats=True)
      )
      (classifier): Linear(in_features=1920, out_features=1000, bias=True)
    )
    (flatten_vis): Flatten(start_dim=1, end_dim=-1)
    (linear): Linear(in_features=1000, out_features=2, bias=True)
    (dropout): Dropout(p=0.5, inplace=False)
  )
)
INFO:root:
=================================================
INFO:root:Training iteration 0
INFO:root:Finished 100 / 426 batches with loss: 0.024700994146987797, accuracy 0.620625
INFO:root:Finished 200 / 426 batches with loss: 0.021601144298911093, accuracy 0.65875
INFO:root:Finished 300 / 426 batches with loss: 0.020053663942962884, accuracy 0.6759375
INFO:root:Finished 400 / 426 batches with loss: 0.01964027700945735, accuracy 0.68125
INFO:root:=============Iteration 0=============
INFO:root:Training accuracy 0.6613756613756614
INFO:root:Avg Training loss 0.021371857271360553
INFO:root:Micro F1: 0.6614
INFO:root:Macro F1: 0.6364
INFO:root:Weighted F1: 0.6579
INFO:root:Saving model...
INFO:root:done
INFO:root:Calculating validation loss...
INFO:root:Dev set accuracy 0.7089852481001341
INFO:root:Dev set loss 0.0176972317066798
INFO:root:Micro F1: 0.7090
INFO:root:Macro F1: 0.6739
INFO:root:Weighted F1: 0.7015
INFO:root:======================================

INFO:root:Test set accuracy 0.7107733571747876
INFO:root:Micro F1: 0.7108
INFO:root:Macro F1: 0.6786
INFO:root:Weighted F1: 0.7017
INFO:root:Training iteration 1
INFO:root:Finished 100 / 426 batches with loss: 0.01831760197877884, accuracy 0.6959375
INFO:root:Finished 200 / 426 batches with loss: 0.017222837638109924, accuracy 0.731875
INFO:root:Finished 300 / 426 batches with loss: 0.016843139100819825, accuracy 0.735625
INFO:root:Finished 400 / 426 batches with loss: 0.0170071922801435, accuracy 0.7278125
INFO:root:=============Iteration 1=============
INFO:root:Training accuracy 0.7236919459141682
INFO:root:Avg Training loss 0.0173195854578384
INFO:root:Micro F1: 0.7237
INFO:root:Macro F1: 0.7042
INFO:root:Weighted F1: 0.7214
INFO:root:Saving model...
INFO:root:done
INFO:root:Calculating validation loss...
INFO:root:Dev set accuracy 0.7036209208761735
INFO:root:Dev set loss 0.017883661140221063
INFO:root:Micro F1: 0.7036
INFO:root:Macro F1: 0.6602
INFO:root:Weighted F1: 0.6915
INFO:root:======================================

INFO:root:Test set accuracy 0.7098793026374609
INFO:root:Micro F1: 0.7099
INFO:root:Macro F1: 0.6720
INFO:root:Weighted F1: 0.6974
INFO:root:Training iteration 2
INFO:root:Finished 100 / 426 batches with loss: 0.015842544697225094, accuracy 0.7571875
INFO:root:Finished 200 / 426 batches with loss: 0.014988413853570819, accuracy 0.76875
INFO:root:Finished 300 / 426 batches with loss: 0.014137133732438087, accuracy 0.78125
INFO:root:Finished 400 / 426 batches with loss: 0.01448269134387374, accuracy 0.78125
INFO:root:=============Iteration 2=============
INFO:root:Training accuracy 0.7739564961787184
INFO:root:Avg Training loss 0.01477428760460585
INFO:root:Micro F1: 0.7740
INFO:root:Macro F1: 0.7598
INFO:root:Weighted F1: 0.7730
INFO:root:Saving model...
INFO:root:done
INFO:root:Calculating validation loss...
INFO:root:Dev set accuracy 0.7058560572194904
INFO:root:Dev set loss 0.0188344170538826
INFO:root:Micro F1: 0.7059
INFO:root:Macro F1: 0.6724
INFO:root:Weighted F1: 0.6994
INFO:root:======================================

INFO:root:Test set accuracy 0.7071971390254805
INFO:root:Micro F1: 0.7072
INFO:root:Macro F1: 0.6762
INFO:root:Weighted F1: 0.6990
INFO:root:Training iteration 3
INFO:root:Finished 100 / 426 batches with loss: 0.013223373219370843, accuracy 0.80375
INFO:root:Finished 200 / 426 batches with loss: 0.011942111486569047, accuracy 0.8271875
INFO:root:Finished 300 / 426 batches with loss: 0.010472588478587569, accuracy 0.854375
INFO:root:Finished 400 / 426 batches with loss: 0.010281352968886494, accuracy 0.8509375
INFO:root:=============Iteration 3=============
INFO:root:Training accuracy 0.8359053497942387
INFO:root:Avg Training loss 0.011355041006666502
INFO:root:Micro F1: 0.8359
INFO:root:Macro F1: 0.8270
INFO:root:Weighted F1: 0.8359
INFO:root:Saving model...
INFO:root:done
INFO:root:Calculating validation loss...
INFO:root:Dev set accuracy 0.695127402771569
INFO:root:Dev set loss 0.02197269002241272
INFO:root:Micro F1: 0.6951
INFO:root:Macro F1: 0.6695
INFO:root:Weighted F1: 0.6932
INFO:root:======================================

INFO:root:Test set accuracy 0.707644166294144
INFO:root:Micro F1: 0.7076
INFO:root:Macro F1: 0.6852
INFO:root:Weighted F1: 0.7043
INFO:root:Training iteration 4
INFO:root:Finished 100 / 426 batches with loss: 0.009551883786916732, accuracy 0.8703125
INFO:root:Finished 200 / 426 batches with loss: 0.007431504579726606, accuracy 0.9065625
INFO:root:Finished 300 / 426 batches with loss: 0.006136167596559971, accuracy 0.924375
INFO:root:Finished 400 / 426 batches with loss: 0.005799071597866714, accuracy 0.930625
INFO:root:=============Iteration 4=============
INFO:root:Training accuracy 0.9101998824221046
INFO:root:Avg Training loss 0.007092065552357959
INFO:root:Micro F1: 0.9102
INFO:root:Macro F1: 0.9057
INFO:root:Weighted F1: 0.9104
INFO:root:Saving model...
INFO:root:done
INFO:root:Calculating validation loss...
INFO:root:Dev set accuracy 0.6897630755476084
INFO:root:Dev set loss 0.028456823616407254
INFO:root:Micro F1: 0.6898
INFO:root:Macro F1: 0.6648
INFO:root:Weighted F1: 0.6884
INFO:root:======================================

INFO:root:Test set accuracy 0.7000447027268664
INFO:root:Micro F1: 0.7000
INFO:root:Macro F1: 0.6778
INFO:root:Weighted F1: 0.6971
INFO:root:Training iteration 5
INFO:root:Finished 100 / 426 batches with loss: 0.004855471764458343, accuracy 0.9415625
INFO:root:Finished 200 / 426 batches with loss: 0.003559582516318187, accuracy 0.96
INFO:root:Finished 300 / 426 batches with loss: 0.0028377473261207344, accuracy 0.9728125
INFO:root:Finished 400 / 426 batches with loss: 0.0025425547058694066, accuracy 0.974375
INFO:root:=============Iteration 5=============
INFO:root:Training accuracy 0.9628894767783657
INFO:root:Avg Training loss 0.0033928194079988322
INFO:root:Micro F1: 0.9629
INFO:root:Macro F1: 0.9610
INFO:root:Weighted F1: 0.9630
INFO:root:Saving model...
INFO:root:done
INFO:root:Calculating validation loss...
INFO:root:Dev set accuracy 0.689316048278945
INFO:root:Dev set loss 0.03437488266651152
INFO:root:Micro F1: 0.6893
INFO:root:Macro F1: 0.6645
INFO:root:Weighted F1: 0.6881
INFO:root:======================================

INFO:root:Test set accuracy 0.6937863209655789
INFO:root:Micro F1: 0.6938
INFO:root:Macro F1: 0.6711
INFO:root:Weighted F1: 0.6907
INFO:root:Training iteration 6
INFO:root:Finished 100 / 426 batches with loss: 0.00199955512303859, accuracy 0.98
INFO:root:Finished 200 / 426 batches with loss: 0.001612385882763192, accuracy 0.9878125
INFO:root:Finished 300 / 426 batches with loss: 0.0013086850091349334, accuracy 0.991875
INFO:root:Finished 400 / 426 batches with loss: 0.001271127942018211, accuracy 0.98875
INFO:root:=============Iteration 6=============
INFO:root:Training accuracy 0.9876543209876543
INFO:root:Avg Training loss 0.0015073129414487137
INFO:root:Micro F1: 0.9877
INFO:root:Macro F1: 0.9870
INFO:root:Weighted F1: 0.9877
INFO:root:Saving model...
INFO:root:done
INFO:root:Calculating validation loss...
INFO:root:Dev set accuracy 0.6848457755923111
INFO:root:Dev set loss 0.03987709273970122
INFO:root:Micro F1: 0.6848
INFO:root:Macro F1: 0.6667
INFO:root:Weighted F1: 0.6868
INFO:root:======================================

INFO:root:Test set accuracy 0.697362539114886
INFO:root:Micro F1: 0.6974
INFO:root:Macro F1: 0.6804
INFO:root:Weighted F1: 0.6971
INFO:root:Training iteration 7
INFO:root:Finished 100 / 426 batches with loss: 0.0017645095521584154, accuracy 0.9803125
INFO:root:Finished 200 / 426 batches with loss: 0.001618838213616982, accuracy 0.98375
INFO:root:Finished 300 / 426 batches with loss: 0.0012307287135627121, accuracy 0.9890625
INFO:root:Finished 400 / 426 batches with loss: 0.0009957033290993423, accuracy 0.9909375
INFO:root:=============Iteration 7=============
INFO:root:Training accuracy 0.9866255144032922
INFO:root:Avg Training loss 0.0013575096021152854
INFO:root:Micro F1: 0.9866
INFO:root:Macro F1: 0.9859
INFO:root:Weighted F1: 0.9866
INFO:root:Saving model...
INFO:root:done
INFO:root:Calculating validation loss...
INFO:root:Dev set accuracy 0.6839517210549844
INFO:root:Dev set loss 0.0385032998806779
INFO:root:Micro F1: 0.6840
INFO:root:Macro F1: 0.6683
INFO:root:Weighted F1: 0.6869
INFO:root:======================================

INFO:root:Test set accuracy 0.6955744300402324
INFO:root:Micro F1: 0.6956
INFO:root:Macro F1: 0.6802
INFO:root:Weighted F1: 0.6962
INFO:root:Training iteration 8
INFO:root:Finished 100 / 426 batches with loss: 0.0012470176036003977, accuracy 0.9896875
INFO:root:Finished 200 / 426 batches with loss: 0.0009667027438990772, accuracy 0.9934375
INFO:root:Finished 300 / 426 batches with loss: 0.0008054395881481469, accuracy 0.995625
INFO:root:Finished 400 / 426 batches with loss: 0.0006523257109802217, accuracy 0.9975
INFO:root:=============Iteration 8=============
INFO:root:Training accuracy 0.9941945914168137
INFO:root:Avg Training loss 0.0009085059336779189
INFO:root:Micro F1: 0.9942
INFO:root:Macro F1: 0.9939
INFO:root:Weighted F1: 0.9942
INFO:root:Saving model...
INFO:root:done
INFO:root:Calculating validation loss...
INFO:root:Dev set accuracy 0.6906571300849352
INFO:root:Dev set loss 0.03873417371610045
INFO:root:Micro F1: 0.6907
INFO:root:Macro F1: 0.6751
INFO:root:Weighted F1: 0.6935
INFO:root:======================================

INFO:root:Test set accuracy 0.697362539114886
INFO:root:Micro F1: 0.6974
INFO:root:Macro F1: 0.6820
INFO:root:Weighted F1: 0.6979
INFO:root:Training iteration 9
INFO:root:Finished 100 / 426 batches with loss: 0.0009386259107850492, accuracy 0.9934375
INFO:root:Finished 200 / 426 batches with loss: 0.0007132789411116392, accuracy 0.996875
INFO:root:Finished 300 / 426 batches with loss: 0.0007365387468598783, accuracy 0.996875
INFO:root:Finished 400 / 426 batches with loss: 0.0005646390048786998, accuracy 0.9971875
INFO:root:=============Iteration 9=============
INFO:root:Training accuracy 0.9963256907701352
INFO:root:Avg Training loss 0.0007244255724989933
INFO:root:Micro F1: 0.9963
INFO:root:Macro F1: 0.9961
INFO:root:Weighted F1: 0.9963
INFO:root:Saving model...
INFO:root:done
INFO:root:Calculating validation loss...
INFO:root:Dev set accuracy 0.6848457755923111
INFO:root:Dev set loss 0.039312885497156724
INFO:root:Micro F1: 0.6848
INFO:root:Macro F1: 0.6703
INFO:root:Weighted F1: 0.6882
INFO:root:======================================

INFO:root:Test set accuracy 0.6942333482342423
INFO:root:Micro F1: 0.6942
INFO:root:Macro F1: 0.6790
INFO:root:Weighted F1: 0.6949
INFO:root:Training iteration 10
INFO:root:Finished 100 / 426 batches with loss: 0.0008252894505858422, accuracy 0.9946875
INFO:root:Finished 200 / 426 batches with loss: 0.0006367185874842107, accuracy 0.9984375
INFO:root:Finished 300 / 426 batches with loss: 0.0005892528092954308, accuracy 0.9984375
INFO:root:Finished 400 / 426 batches with loss: 0.0005450729478616267, accuracy 0.9975
INFO:root:=============Iteration 10=============
INFO:root:Training accuracy 0.9971340388007055
INFO:root:Avg Training loss 0.0006535718987297829
INFO:root:Micro F1: 0.9971
INFO:root:Macro F1: 0.9970
INFO:root:Weighted F1: 0.9971
INFO:root:Saving model...
INFO:root:done
INFO:root:Calculating validation loss...
INFO:root:Dev set accuracy 0.6839517210549844
INFO:root:Dev set loss 0.04006389476222336
INFO:root:Micro F1: 0.6840
INFO:root:Macro F1: 0.6699
INFO:root:Weighted F1: 0.6875
INFO:root:======================================

INFO:root:Test set accuracy 0.697362539114886
INFO:root:Micro F1: 0.6974
INFO:root:Macro F1: 0.6830
INFO:root:Weighted F1: 0.6984
INFO:root:Training iteration 11
INFO:root:Finished 100 / 426 batches with loss: 0.0006372693774756044, accuracy 0.998125
INFO:root:Finished 200 / 426 batches with loss: 0.0005796475871466101, accuracy 0.99875
INFO:root:Finished 300 / 426 batches with loss: 0.0004972279537469148, accuracy 0.9978125
INFO:root:Finished 400 / 426 batches with loss: 0.00046880627749487755, accuracy 0.9975
INFO:root:=============Iteration 11=============
INFO:root:Training accuracy 0.9980893592004703
INFO:root:Avg Training loss 0.0005451225041072905
INFO:root:Micro F1: 0.9981
INFO:root:Macro F1: 0.9980
INFO:root:Weighted F1: 0.9981
INFO:root:Saving model...
INFO:root:done
INFO:root:Calculating validation loss...
INFO:root:Dev set accuracy 0.6852928028609745
INFO:root:Dev set loss 0.040638081985869254
INFO:root:Micro F1: 0.6853
INFO:root:Macro F1: 0.6713
INFO:root:Weighted F1: 0.6888
INFO:root:======================================

INFO:root:Test set accuracy 0.6960214573088959
INFO:root:Micro F1: 0.6960
INFO:root:Macro F1: 0.6810
INFO:root:Weighted F1: 0.6968
INFO:root:Training iteration 12
INFO:root:Finished 100 / 426 batches with loss: 0.0005762016249354928, accuracy 0.998125
INFO:root:Finished 200 / 426 batches with loss: 0.000496935968985781, accuracy 0.9984375
INFO:root:Finished 300 / 426 batches with loss: 0.0004496913682669401, accuracy 0.9984375
INFO:root:Finished 400 / 426 batches with loss: 0.0004428757820278406, accuracy 0.9975
INFO:root:=============Iteration 12=============
INFO:root:Training accuracy 0.9980893592004703
INFO:root:Avg Training loss 0.0004887592300952252
INFO:root:Micro F1: 0.9981
INFO:root:Macro F1: 0.9980
INFO:root:Weighted F1: 0.9981
INFO:root:Saving model...
INFO:root:done
INFO:root:Calculating validation loss...
INFO:root:Dev set accuracy 0.687080911935628
INFO:root:Dev set loss 0.041280145990459524
INFO:root:Micro F1: 0.6871
INFO:root:Macro F1: 0.6733
INFO:root:Weighted F1: 0.6906
INFO:root:======================================

INFO:root:Test set accuracy 0.6933392936969155
INFO:root:Micro F1: 0.6933
INFO:root:Macro F1: 0.6786
INFO:root:Weighted F1: 0.6943
INFO:root:Training iteration 13
INFO:root:Finished 100 / 426 batches with loss: 0.0008220972865819931, accuracy 0.995
INFO:root:Finished 200 / 426 batches with loss: 0.0005442646832671017, accuracy 0.9975
INFO:root:Finished 300 / 426 batches with loss: 0.0005261078348848968, accuracy 0.9965625
INFO:root:Finished 400 / 426 batches with loss: 0.00033959400025196373, accuracy 0.9996875
INFO:root:=============Iteration 13=============
INFO:root:Training accuracy 0.9972075249853027
INFO:root:Avg Training loss 0.0005506441853436773
INFO:root:Micro F1: 0.9972
INFO:root:Macro F1: 0.9971
INFO:root:Weighted F1: 0.9972
INFO:root:Saving model...
INFO:root:done
INFO:root:Calculating validation loss...
INFO:root:Dev set accuracy 0.6879749664729549
INFO:root:Dev set loss 0.041554053593385314
INFO:root:Micro F1: 0.6880
INFO:root:Macro F1: 0.6743
INFO:root:Weighted F1: 0.6915
INFO:root:======================================

INFO:root:Test set accuracy 0.6946803755029056
INFO:root:Micro F1: 0.6947
INFO:root:Macro F1: 0.6810
INFO:root:Weighted F1: 0.6960
INFO:root:Training iteration 14
INFO:root:Finished 100 / 426 batches with loss: 0.0006987456639762968, accuracy 0.9946875
INFO:root:Finished 200 / 426 batches with loss: 0.00048483955091796813, accuracy 0.9978125
INFO:root:Finished 300 / 426 batches with loss: 0.0004643444309476763, accuracy 0.99875
INFO:root:Finished 400 / 426 batches with loss: 0.00042925486341118815, accuracy 0.99875
INFO:root:=============Iteration 14=============
INFO:root:Training accuracy 0.9970605526161082
INFO:root:Avg Training loss 0.0005223101195493282
INFO:root:Micro F1: 0.9971
INFO:root:Macro F1: 0.9969
INFO:root:Weighted F1: 0.9971
INFO:root:Saving model...
INFO:root:done
INFO:root:Calculating validation loss...
INFO:root:Dev set accuracy 0.6884219937416183
INFO:root:Dev set loss 0.041702134059271645
INFO:root:Micro F1: 0.6884
INFO:root:Macro F1: 0.6749
INFO:root:Weighted F1: 0.6920
INFO:root:======================================

INFO:root:Test set accuracy 0.6964684845775593
INFO:root:Micro F1: 0.6965
INFO:root:Macro F1: 0.6831
INFO:root:Weighted F1: 0.6979
INFO:root:Training iteration 15
INFO:root:Finished 100 / 426 batches with loss: 0.0006215196487028152, accuracy 0.9971875
INFO:root:Finished 200 / 426 batches with loss: 0.0005355781398247928, accuracy 0.996875
INFO:root:Finished 300 / 426 batches with loss: 0.00045892607886344194, accuracy 0.999375
INFO:root:Finished 400 / 426 batches with loss: 0.00041651184321381154, accuracy 0.9984375
INFO:root:=============Iteration 15=============
INFO:root:Training accuracy 0.998015873015873
INFO:root:Avg Training loss 0.0005037909081268143
INFO:root:Micro F1: 0.9980
INFO:root:Macro F1: 0.9979
INFO:root:Weighted F1: 0.9980
INFO:root:Saving model...
INFO:root:done
INFO:root:Calculating validation loss...
INFO:root:Dev set accuracy 0.6884219937416183
INFO:root:Dev set loss 0.04179445885631406
INFO:root:Micro F1: 0.6884
INFO:root:Macro F1: 0.6749
INFO:root:Weighted F1: 0.6920
INFO:root:======================================

INFO:root:Test set accuracy 0.6964684845775593
INFO:root:Micro F1: 0.6965
INFO:root:Macro F1: 0.6832
INFO:root:Weighted F1: 0.6979
INFO:root:Training iteration 16
INFO:root:Finished 100 / 426 batches with loss: 0.0006582109222654253, accuracy 0.9975
INFO:root:Finished 200 / 426 batches with loss: 0.00042937635094858706, accuracy 0.9990625
INFO:root:Finished 300 / 426 batches with loss: 0.0004620506870560348, accuracy 0.999375
INFO:root:Finished 400 / 426 batches with loss: 0.00039495724136941136, accuracy 0.99875
INFO:root:=============Iteration 16=============
INFO:root:Training accuracy 0.9986037624926514
INFO:root:Avg Training loss 0.0004814984457570619
INFO:root:Micro F1: 0.9986
INFO:root:Macro F1: 0.9985
INFO:root:Weighted F1: 0.9986
INFO:root:Saving model...
INFO:root:done
INFO:root:Calculating validation loss...
INFO:root:Dev set accuracy 0.6875279392042914
INFO:root:Dev set loss 0.041894558768854326
INFO:root:Micro F1: 0.6875
INFO:root:Macro F1: 0.6744
INFO:root:Weighted F1: 0.6912
INFO:root:======================================

INFO:root:Test set accuracy 0.695127402771569
INFO:root:Micro F1: 0.6951
INFO:root:Macro F1: 0.6820
INFO:root:Weighted F1: 0.6967
INFO:root:Training iteration 17
INFO:root:Finished 100 / 426 batches with loss: 0.0005330194637645036, accuracy 0.9984375
INFO:root:Finished 200 / 426 batches with loss: 0.0004671149223577231, accuracy 0.998125
INFO:root:Finished 300 / 426 batches with loss: 0.00045292222639545796, accuracy 0.9984375
INFO:root:Finished 400 / 426 batches with loss: 0.0004350740520749241, accuracy 0.99875
INFO:root:=============Iteration 17=============
INFO:root:Training accuracy 0.9984567901234568
INFO:root:Avg Training loss 0.00046846124593788284
INFO:root:Micro F1: 0.9985
INFO:root:Macro F1: 0.9984
INFO:root:Weighted F1: 0.9985
INFO:root:Saving model...
INFO:root:done
INFO:root:Calculating validation loss...
INFO:root:Dev set accuracy 0.6875279392042914
INFO:root:Dev set loss 0.04195154120893312
INFO:root:Micro F1: 0.6875
INFO:root:Macro F1: 0.6744
INFO:root:Weighted F1: 0.6912
INFO:root:======================================

INFO:root:Test set accuracy 0.695127402771569
INFO:root:Micro F1: 0.6951
INFO:root:Macro F1: 0.6820
INFO:root:Weighted F1: 0.6967
INFO:root:Training iteration 18
INFO:root:Finished 100 / 426 batches with loss: 0.0005518386315088719, accuracy 0.998125
INFO:root:Finished 200 / 426 batches with loss: 0.0004276901774574071, accuracy 0.9990625
INFO:root:Finished 300 / 426 batches with loss: 0.0004888647457119078, accuracy 0.99875
INFO:root:Finished 400 / 426 batches with loss: 0.0004014790873043239, accuracy 0.998125
INFO:root:=============Iteration 18=============
INFO:root:Training accuracy 0.9984567901234568
INFO:root:Avg Training loss 0.00046446160886925086
INFO:root:Micro F1: 0.9985
INFO:root:Macro F1: 0.9984
INFO:root:Weighted F1: 0.9985
INFO:root:Saving model...
INFO:root:done
INFO:root:Calculating validation loss...
INFO:root:Dev set accuracy 0.6879749664729549
INFO:root:Dev set loss 0.04198735185004154
INFO:root:Micro F1: 0.6880
INFO:root:Macro F1: 0.6749
INFO:root:Weighted F1: 0.6917
INFO:root:======================================

INFO:root:Test set accuracy 0.695127402771569
INFO:root:Micro F1: 0.6951
INFO:root:Macro F1: 0.6820
INFO:root:Weighted F1: 0.6967
INFO:root:Training iteration 19
INFO:root:Finished 100 / 426 batches with loss: 0.0005608824151568114, accuracy 0.9971875
INFO:root:Finished 200 / 426 batches with loss: 0.0004617159813642502, accuracy 0.9990625
INFO:root:Finished 300 / 426 batches with loss: 0.00042035048245452343, accuracy 0.9996875
INFO:root:Finished 400 / 426 batches with loss: 0.0003815792361274362, accuracy 0.9990625
INFO:root:=============Iteration 19=============
INFO:root:Training accuracy 0.9986772486772487
INFO:root:Avg Training loss 0.0004568646460999327
INFO:root:Micro F1: 0.9987
INFO:root:Macro F1: 0.9986
INFO:root:Weighted F1: 0.9987
INFO:root:Saving model...
INFO:root:done
INFO:root:Calculating validation loss...
INFO:root:Dev set accuracy 0.6884219937416183
INFO:root:Dev set loss 0.041985271456095596
INFO:root:Micro F1: 0.6884
INFO:root:Macro F1: 0.6753
INFO:root:Weighted F1: 0.6921
INFO:root:======================================

INFO:root:Test set accuracy 0.695127402771569
INFO:root:Micro F1: 0.6951
INFO:root:Macro F1: 0.6820
INFO:root:Weighted F1: 0.6967
INFO:root:Training iteration 20
INFO:root:Finished 100 / 426 batches with loss: 0.0005892948422115297, accuracy 0.996875
